<?xml version="1.0" encoding="UTF-8"?>
<coverage generated="1632082027384" clover="3.2.0">
  <project timestamp="1632082027384" name="All files">
    <metrics statements="49" coveredstatements="28" conditionals="50" coveredconditionals="40" methods="26" coveredmethods="19" elements="125" coveredelements="87" complexity="0" loc="49" ncloc="49" packages="1" files="1" classes="1"/>
    <file name="vue-virtual-picklist.vue" path="C:\Users\allan_000\workspace\vue-virtual-picklist\src\vue-virtual-picklist.vue">
      <metrics statements="49" coveredstatements="28" conditionals="50" coveredconditionals="40" methods="26" coveredmethods="19"/>
      <line num="86" count="1" type="stmt"/>
      <line num="87" count="1" type="stmt"/>
      <line num="106" count="22" type="cond" truecount="2" falsecount="0"/>
      <line num="107" count="16" type="stmt"/>
      <line num="108" count="194" type="cond" truecount="4" falsecount="0"/>
      <line num="147" count="10" type="stmt"/>
      <line num="156" count="11" type="cond" truecount="5" falsecount="0"/>
      <line num="157" count="9" type="stmt"/>
      <line num="158" count="180" type="stmt"/>
      <line num="161" count="9" type="stmt"/>
      <line num="162" count="9" type="cond" truecount="1" falsecount="1"/>
      <line num="163" count="0" type="stmt"/>
      <line num="164" count="0" type="cond" truecount="0" falsecount="4"/>
      <line num="171" count="0" type="stmt"/>
      <line num="174" count="0" type="stmt"/>
      <line num="177" count="9" type="cond" truecount="2" falsecount="0"/>
      <line num="180" count="9" type="stmt"/>
      <line num="183" count="10" type="cond" truecount="5" falsecount="0"/>
      <line num="186" count="18" type="cond" truecount="2" falsecount="0"/>
      <line num="193" count="10" type="cond" truecount="1" falsecount="1"/>
      <line num="196" count="20" type="cond" truecount="2" falsecount="0"/>
      <line num="199" count="10" type="stmt"/>
      <line num="204" count="20" type="stmt"/>
      <line num="212" count="10" type="stmt"/>
      <line num="217" count="10" type="stmt"/>
      <line num="222" count="18" type="stmt"/>
      <line num="228" count="10" type="stmt"/>
      <line num="233" count="10" type="cond" truecount="2" falsecount="0"/>
      <line num="236" count="10" type="stmt"/>
      <line num="237" count="10" type="cond" truecount="4" falsecount="0"/>
      <line num="238" count="161" type="cond" truecount="2" falsecount="0"/>
      <line num="244" count="10" type="stmt"/>
      <line num="247" count="0" type="stmt"/>
      <line num="248" count="0" type="stmt"/>
      <line num="249" count="0" type="stmt"/>
      <line num="250" count="0" type="cond" truecount="0" falsecount="2"/>
      <line num="254" count="0" type="stmt"/>
      <line num="255" count="0" type="stmt"/>
      <line num="258" count="0" type="stmt"/>
      <line num="259" count="0" type="stmt"/>
      <line num="262" count="0" type="stmt"/>
      <line num="263" count="0" type="stmt"/>
      <line num="264" count="0" type="stmt"/>
      <line num="265" count="0" type="stmt"/>
      <line num="266" count="0" type="stmt"/>
      <line num="268" count="0" type="stmt"/>
      <line num="269" count="0" type="stmt"/>
      <line num="270" count="0" type="stmt"/>
      <line num="271" count="0" type="cond" truecount="0" falsecount="2"/>
    </file>
  </project>
</coverage>
