{"C:\\Users\\allan_000\\workspace\\vue-virtual-picklist\\src\\vue-virtual-picklist.vue": {"path":"C:\\Users\\allan_000\\workspace\\vue-virtual-picklist\\src\\vue-virtual-picklist.vue","statementMap":{"0":{"start":{"line":86,"column":0},"end":{"line":86,"column":null}},"1":{"start":{"line":87,"column":0},"end":{"line":87,"column":null}},"2":{"start":{"line":106,"column":0},"end":{"line":106,"column":null}},"3":{"start":{"line":107,"column":0},"end":{"line":114,"column":null}},"4":{"start":{"line":108,"column":0},"end":{"line":108,"column":null}},"5":{"start":{"line":147,"column":0},"end":{"line":147,"column":null}},"6":{"start":{"line":156,"column":0},"end":{"line":156,"column":null}},"7":{"start":{"line":157,"column":0},"end":{"line":159,"column":null}},"8":{"start":{"line":158,"column":0},"end":{"line":158,"column":null}},"9":{"start":{"line":161,"column":0},"end":{"line":161,"column":null}},"10":{"start":{"line":162,"column":0},"end":{"line":175,"column":null}},"11":{"start":{"line":163,"column":0},"end":{"line":173,"column":null}},"12":{"start":{"line":163,"column":0},"end":{"line":163,"column":null}},"13":{"start":{"line":164,"column":0},"end":{"line":172,"column":null}},"14":{"start":{"line":171,"column":0},"end":{"line":171,"column":null}},"15":{"start":{"line":174,"column":0},"end":{"line":174,"column":null}},"16":{"start":{"line":177,"column":0},"end":{"line":177,"column":null}},"17":{"start":{"line":180,"column":0},"end":{"line":180,"column":null}},"18":{"start":{"line":183,"column":0},"end":{"line":183,"column":null}},"19":{"start":{"line":186,"column":0},"end":{"line":186,"column":null}},"20":{"start":{"line":193,"column":0},"end":{"line":193,"column":null}},"21":{"start":{"line":196,"column":0},"end":{"line":196,"column":null}},"22":{"start":{"line":199,"column":0},"end":{"line":199,"column":null}},"23":{"start":{"line":204,"column":0},"end":{"line":204,"column":null}},"24":{"start":{"line":212,"column":0},"end":{"line":212,"column":null}},"25":{"start":{"line":217,"column":0},"end":{"line":217,"column":null}},"26":{"start":{"line":222,"column":0},"end":{"line":222,"column":null}},"27":{"start":{"line":228,"column":0},"end":{"line":228,"column":null}},"28":{"start":{"line":233,"column":0},"end":{"line":233,"column":null}},"29":{"start":{"line":236,"column":0},"end":{"line":236,"column":null}},"30":{"start":{"line":237,"column":0},"end":{"line":238,"column":null}},"31":{"start":{"line":238,"column":0},"end":{"line":238,"column":null}},"32":{"start":{"line":244,"column":0},"end":{"line":244,"column":null}},"33":{"start":{"line":247,"column":0},"end":{"line":247,"column":null}},"34":{"start":{"line":248,"column":0},"end":{"line":248,"column":null}},"35":{"start":{"line":249,"column":0},"end":{"line":251,"column":null}},"36":{"start":{"line":250,"column":0},"end":{"line":250,"column":null}},"37":{"start":{"line":254,"column":0},"end":{"line":254,"column":null}},"38":{"start":{"line":255,"column":0},"end":{"line":255,"column":null}},"39":{"start":{"line":258,"column":0},"end":{"line":258,"column":null}},"40":{"start":{"line":259,"column":0},"end":{"line":259,"column":null}},"41":{"start":{"line":262,"column":0},"end":{"line":262,"column":null}},"42":{"start":{"line":263,"column":0},"end":{"line":263,"column":null}},"43":{"start":{"line":264,"column":0},"end":{"line":264,"column":null}},"44":{"start":{"line":265,"column":0},"end":{"line":265,"column":null}},"45":{"start":{"line":266,"column":0},"end":{"line":266,"column":null}},"46":{"start":{"line":268,"column":0},"end":{"line":268,"column":null}},"47":{"start":{"line":269,"column":0},"end":{"line":269,"column":null}},"48":{"start":{"line":270,"column":0},"end":{"line":272,"column":null}},"49":{"start":{"line":271,"column":0},"end":{"line":271,"column":null}}},"fnMap":{"0":{"name":"validator","decl":{"start":{"line":105,"column":0},"end":{"line":105,"column":null}},"loc":{"start":{"line":105,"column":0},"end":{"line":115,"column":null}}},"1":{"name":"(anonymous_12)","decl":{"start":{"line":107,"column":0},"end":{"line":107,"column":null}},"loc":{"start":{"line":107,"column":0},"end":{"line":114,"column":null}}},"2":{"name":"data","decl":{"start":{"line":146,"column":0},"end":{"line":146,"column":null}},"loc":{"start":{"line":146,"column":0},"end":{"line":153,"column":null}}},"3":{"name":"availableOptions","decl":{"start":{"line":155,"column":0},"end":{"line":155,"column":null}},"loc":{"start":{"line":155,"column":0},"end":{"line":181,"column":null}}},"4":{"name":"(anonymous_15)","decl":{"start":{"line":157,"column":0},"end":{"line":157,"column":null}},"loc":{"start":{"line":157,"column":0},"end":{"line":159,"column":null}}},"5":{"name":"selectedOptionLabel","decl":{"start":{"line":182,"column":0},"end":{"line":182,"column":null}},"loc":{"start":{"line":182,"column":0},"end":{"line":184,"column":null}}},"6":{"name":"computedItemHeight","decl":{"start":{"line":185,"column":0},"end":{"line":185,"column":null}},"loc":{"start":{"line":185,"column":0},"end":{"line":191,"column":null}}},"7":{"name":"computedInputHeight","decl":{"start":{"line":192,"column":0},"end":{"line":192,"column":null}},"loc":{"start":{"line":192,"column":0},"end":{"line":194,"column":null}}},"8":{"name":"computedPicklistInputHeight","decl":{"start":{"line":195,"column":0},"end":{"line":195,"column":null}},"loc":{"start":{"line":195,"column":0},"end":{"line":197,"column":null}}},"9":{"name":"computedPicklistContainerClasses","decl":{"start":{"line":198,"column":0},"end":{"line":198,"column":null}},"loc":{"start":{"line":198,"column":0},"end":{"line":202,"column":null}}},"10":{"name":"computedOptionsStyles","decl":{"start":{"line":203,"column":0},"end":{"line":203,"column":null}},"loc":{"start":{"line":203,"column":0},"end":{"line":210,"column":null}}},"11":{"name":"computedPicklistFieldStyle","decl":{"start":{"line":211,"column":0},"end":{"line":211,"column":null}},"loc":{"start":{"line":211,"column":0},"end":{"line":215,"column":null}}},"12":{"name":"computedSelectedOptionStyles","decl":{"start":{"line":216,"column":0},"end":{"line":216,"column":null}},"loc":{"start":{"line":216,"column":0},"end":{"line":220,"column":null}}},"13":{"name":"computedOptionStyles","decl":{"start":{"line":221,"column":0},"end":{"line":221,"column":null}},"loc":{"start":{"line":221,"column":0},"end":{"line":226,"column":null}}},"14":{"name":"isDisplayOptionsActiveClasses","decl":{"start":{"line":227,"column":0},"end":{"line":227,"column":null}},"loc":{"start":{"line":227,"column":0},"end":{"line":231,"column":null}}},"15":{"name":"renderOptionsVirtualList","decl":{"start":{"line":232,"column":0},"end":{"line":232,"column":null}},"loc":{"start":{"line":232,"column":0},"end":{"line":234,"column":null}}},"16":{"name":"beforeMount","decl":{"start":{"line":236,"column":0},"end":{"line":236,"column":null}},"loc":{"start":{"line":236,"column":0},"end":{"line":242,"column":null}}},"17":{"name":"(anonymous_28)","decl":{"start":{"line":237,"column":0},"end":{"line":237,"column":null}},"loc":{"start":{"line":237,"column":0},"end":{"line":238,"column":null}}},"18":{"name":"mounted","decl":{"start":{"line":243,"column":0},"end":{"line":243,"column":null}},"loc":{"start":{"line":243,"column":0},"end":{"line":245,"column":null}}},"19":{"name":"onClickPicklistButton","decl":{"start":{"line":247,"column":0},"end":{"line":247,"column":null}},"loc":{"start":{"line":247,"column":0},"end":{"line":252,"column":null}}},"20":{"name":"(anonymous_31)","decl":{"start":{"line":249,"column":0},"end":{"line":249,"column":null}},"loc":{"start":{"line":249,"column":0},"end":{"line":251,"column":null}}},"21":{"name":"onInputGainFocus","decl":{"start":{"line":253,"column":0},"end":{"line":253,"column":null}},"loc":{"start":{"line":253,"column":0},"end":{"line":256,"column":null}}},"22":{"name":"onInputLoseFocus","decl":{"start":{"line":257,"column":0},"end":{"line":257,"column":null}},"loc":{"start":{"line":257,"column":0},"end":{"line":260,"column":null}}},"23":{"name":"onClickOption","decl":{"start":{"line":261,"column":0},"end":{"line":261,"column":null}},"loc":{"start":{"line":261,"column":0},"end":{"line":267,"column":null}}},"24":{"name":"onClickSelectedOption","decl":{"start":{"line":268,"column":0},"end":{"line":268,"column":null}},"loc":{"start":{"line":268,"column":0},"end":{"line":273,"column":null}}},"25":{"name":"(anonymous_36)","decl":{"start":{"line":270,"column":0},"end":{"line":270,"column":null}},"loc":{"start":{"line":270,"column":0},"end":{"line":272,"column":null}}}},"branchMap":{"0":{"loc":{"start":{"line":106,"column":0},"end":{"line":106,"column":null}},"type":"if","locations":[{"start":{"line":106,"column":0},"end":{"line":106,"column":null}},{"start":{"line":106,"column":0},"end":{"line":106,"column":null}}]},"1":{"loc":{"start":{"line":108,"column":0},"end":{"line":108,"column":null}},"type":"binary-expr","locations":[{"start":{"line":108,"column":0},"end":{"line":108,"column":null}},{"start":{"line":108,"column":0},"end":{"line":108,"column":null}},{"start":{"line":108,"column":0},"end":{"line":108,"column":null}},{"start":{"line":108,"column":0},"end":{"line":108,"column":null}}]},"2":{"loc":{"start":{"line":156,"column":0},"end":{"line":156,"column":null}},"type":"if","locations":[{"start":{"line":156,"column":0},"end":{"line":156,"column":null}},{"start":{"line":156,"column":0},"end":{"line":156,"column":null}}]},"3":{"loc":{"start":{"line":156,"column":0},"end":{"line":156,"column":null}},"type":"binary-expr","locations":[{"start":{"line":156,"column":0},"end":{"line":156,"column":null}},{"start":{"line":156,"column":0},"end":{"line":156,"column":null}},{"start":{"line":156,"column":0},"end":{"line":156,"column":null}}]},"4":{"loc":{"start":{"line":162,"column":0},"end":{"line":175,"column":null}},"type":"if","locations":[{"start":{"line":162,"column":0},"end":{"line":175,"column":null}},{"start":{"line":162,"column":0},"end":{"line":175,"column":null}}]},"5":{"loc":{"start":{"line":164,"column":0},"end":{"line":172,"column":null}},"type":"if","locations":[{"start":{"line":164,"column":0},"end":{"line":172,"column":null}},{"start":{"line":164,"column":0},"end":{"line":172,"column":null}}]},"6":{"loc":{"start":{"line":164,"column":0},"end":{"line":164,"column":null}},"type":"cond-expr","locations":[{"start":{"line":164,"column":0},"end":{"line":164,"column":null}},{"start":{"line":164,"column":0},"end":{"line":164,"column":null}}]},"7":{"loc":{"start":{"line":177,"column":0},"end":{"line":177,"column":null}},"type":"if","locations":[{"start":{"line":177,"column":0},"end":{"line":177,"column":null}},{"start":{"line":177,"column":0},"end":{"line":177,"column":null}}]},"8":{"loc":{"start":{"line":183,"column":0},"end":{"line":183,"column":null}},"type":"cond-expr","locations":[{"start":{"line":183,"column":0},"end":{"line":183,"column":null}},{"start":{"line":183,"column":0},"end":{"line":183,"column":null}}]},"9":{"loc":{"start":{"line":183,"column":0},"end":{"line":183,"column":null}},"type":"binary-expr","locations":[{"start":{"line":183,"column":0},"end":{"line":183,"column":null}},{"start":{"line":183,"column":0},"end":{"line":183,"column":null}},{"start":{"line":183,"column":0},"end":{"line":183,"column":null}}]},"10":{"loc":{"start":{"line":186,"column":0},"end":{"line":186,"column":null}},"type":"cond-expr","locations":[{"start":{"line":186,"column":0},"end":{"line":186,"column":null}},{"start":{"line":186,"column":0},"end":{"line":186,"column":null}}]},"11":{"loc":{"start":{"line":193,"column":0},"end":{"line":193,"column":null}},"type":"binary-expr","locations":[{"start":{"line":193,"column":0},"end":{"line":193,"column":null}},{"start":{"line":193,"column":0},"end":{"line":193,"column":null}}]},"12":{"loc":{"start":{"line":196,"column":0},"end":{"line":196,"column":null}},"type":"cond-expr","locations":[{"start":{"line":196,"column":0},"end":{"line":196,"column":null}},{"start":{"line":196,"column":0},"end":{"line":196,"column":null}}]},"13":{"loc":{"start":{"line":200,"column":0},"end":{"line":200,"column":null}},"type":"binary-expr","locations":[{"start":{"line":200,"column":0},"end":{"line":200,"column":null}},{"start":{"line":200,"column":0},"end":{"line":200,"column":null}},{"start":{"line":200,"column":0},"end":{"line":200,"column":null}}]},"14":{"loc":{"start":{"line":205,"column":0},"end":{"line":205,"column":null}},"type":"cond-expr","locations":[{"start":{"line":205,"column":0},"end":{"line":205,"column":null}},{"start":{"line":205,"column":0},"end":{"line":205,"column":null}}]},"15":{"loc":{"start":{"line":205,"column":0},"end":{"line":205,"column":null}},"type":"binary-expr","locations":[{"start":{"line":205,"column":0},"end":{"line":205,"column":null}},{"start":{"line":205,"column":0},"end":{"line":205,"column":null}},{"start":{"line":205,"column":0},"end":{"line":205,"column":null}}]},"16":{"loc":{"start":{"line":233,"column":0},"end":{"line":233,"column":null}},"type":"cond-expr","locations":[{"start":{"line":233,"column":0},"end":{"line":233,"column":null}},{"start":{"line":233,"column":0},"end":{"line":233,"column":null}}]},"17":{"loc":{"start":{"line":237,"column":0},"end":{"line":237,"column":null}},"type":"cond-expr","locations":[{"start":{"line":237,"column":0},"end":{"line":237,"column":null}},{"start":{"line":237,"column":0},"end":{"line":238,"column":null}}]},"18":{"loc":{"start":{"line":237,"column":0},"end":{"line":237,"column":null}},"type":"binary-expr","locations":[{"start":{"line":237,"column":0},"end":{"line":237,"column":null}},{"start":{"line":237,"column":0},"end":{"line":237,"column":null}}]},"19":{"loc":{"start":{"line":238,"column":0},"end":{"line":238,"column":null}},"type":"binary-expr","locations":[{"start":{"line":238,"column":0},"end":{"line":238,"column":null}},{"start":{"line":238,"column":0},"end":{"line":238,"column":null}}]},"20":{"loc":{"start":{"line":250,"column":0},"end":{"line":250,"column":null}},"type":"cond-expr","locations":[{"start":{"line":250,"column":0},"end":{"line":250,"column":null}},{"start":{"line":250,"column":0},"end":{"line":250,"column":null}}]},"21":{"loc":{"start":{"line":271,"column":0},"end":{"line":271,"column":null}},"type":"cond-expr","locations":[{"start":{"line":271,"column":0},"end":{"line":271,"column":null}},{"start":{"line":271,"column":0},"end":{"line":271,"column":null}}]}},"s":{"0":1,"1":1,"2":22,"3":16,"4":194,"5":10,"6":11,"7":9,"8":180,"9":9,"10":9,"11":0,"12":0,"13":0,"14":0,"15":0,"16":9,"17":9,"18":10,"19":18,"20":10,"21":20,"22":10,"23":20,"24":10,"25":10,"26":18,"27":10,"28":10,"29":10,"30":10,"31":161,"32":10,"33":0,"34":0,"35":0,"36":0,"37":0,"38":0,"39":0,"40":0,"41":0,"42":0,"43":0,"44":0,"45":0,"46":0,"47":0,"48":0,"49":0},"f":{"0":19,"1":194,"2":10,"3":10,"4":180,"5":10,"6":18,"7":10,"8":20,"9":10,"10":20,"11":10,"12":10,"13":18,"14":10,"15":10,"16":10,"17":161,"18":10,"19":0,"20":0,"21":0,"22":0,"23":0,"24":0,"25":0},"b":{"0":[22,33],"1":[194,189,188,185],"2":[11,18],"3":[9,9,9],"4":[0,9],"5":[0,0],"6":[0,0],"7":[9,9],"8":[25,12],"9":[10,9,9],"10":[18,9],"11":[10,0],"12":[20,30],"13":[10,10,9],"14":[18,2],"15":[20,18,18],"16":[11,18],"17":[1,9],"18":[10,9],"19":[365,251],"20":[0,0],"21":[0,0]}}
}
