TN:
SF:C:\Users\allan_000\workspace\vue-virtual-picklist\src\vue-virtual-picklist.vue
FN:105,validator
FN:107,(anonymous_12)
FN:146,data
FN:155,availableOptions
FN:157,(anonymous_15)
FN:182,selectedOptionLabel
FN:185,computedItemHeight
FN:192,computedInputHeight
FN:195,computedPicklistInputHeight
FN:198,computedPicklistContainerClasses
FN:203,computedOptionsStyles
FN:211,computedPicklistFieldStyle
FN:216,computedSelectedOptionStyles
FN:221,computedOptionStyles
FN:227,isDisplayOptionsActiveClasses
FN:232,renderOptionsVirtualList
FN:236,beforeMount
FN:237,(anonymous_28)
FN:243,mounted
FN:247,onClickPicklistButton
FN:249,(anonymous_31)
FN:253,onInputGainFocus
FN:257,onInputLoseFocus
FN:261,onClickOption
FN:268,onClickSelectedOption
FN:270,(anonymous_36)
FNF:26
FNH:19
FNDA:19,validator
FNDA:194,(anonymous_12)
FNDA:10,data
FNDA:10,availableOptions
FNDA:180,(anonymous_15)
FNDA:10,selectedOptionLabel
FNDA:18,computedItemHeight
FNDA:10,computedInputHeight
FNDA:20,computedPicklistInputHeight
FNDA:10,computedPicklistContainerClasses
FNDA:20,computedOptionsStyles
FNDA:10,computedPicklistFieldStyle
FNDA:10,computedSelectedOptionStyles
FNDA:18,computedOptionStyles
FNDA:10,isDisplayOptionsActiveClasses
FNDA:10,renderOptionsVirtualList
FNDA:10,beforeMount
FNDA:161,(anonymous_28)
FNDA:10,mounted
FNDA:0,onClickPicklistButton
FNDA:0,(anonymous_31)
FNDA:0,onInputGainFocus
FNDA:0,onInputLoseFocus
FNDA:0,onClickOption
FNDA:0,onClickSelectedOption
FNDA:0,(anonymous_36)
DA:86,1
DA:87,1
DA:106,22
DA:107,16
DA:108,194
DA:147,10
DA:156,11
DA:157,9
DA:158,180
DA:161,9
DA:162,9
DA:163,0
DA:164,0
DA:171,0
DA:174,0
DA:177,9
DA:180,9
DA:183,10
DA:186,18
DA:193,10
DA:196,20
DA:199,10
DA:204,20
DA:212,10
DA:217,10
DA:222,18
DA:228,10
DA:233,10
DA:236,10
DA:237,10
DA:238,161
DA:244,10
DA:247,0
DA:248,0
DA:249,0
DA:250,0
DA:254,0
DA:255,0
DA:258,0
DA:259,0
DA:262,0
DA:263,0
DA:264,0
DA:265,0
DA:266,0
DA:268,0
DA:269,0
DA:270,0
DA:271,0
LF:49
LH:28
BRDA:106,0,0,22
BRDA:106,0,1,33
BRDA:108,1,0,194
BRDA:108,1,1,189
BRDA:108,1,2,188
BRDA:108,1,3,185
BRDA:156,2,0,11
BRDA:156,2,1,18
BRDA:156,3,0,9
BRDA:156,3,1,9
BRDA:156,3,2,9
BRDA:162,4,0,0
BRDA:162,4,1,9
BRDA:164,5,0,0
BRDA:164,5,1,0
BRDA:164,6,0,0
BRDA:164,6,1,0
BRDA:177,7,0,9
BRDA:177,7,1,9
BRDA:183,8,0,25
BRDA:183,8,1,12
BRDA:183,9,0,10
BRDA:183,9,1,9
BRDA:183,9,2,9
BRDA:186,10,0,18
BRDA:186,10,1,9
BRDA:193,11,0,10
BRDA:193,11,1,0
BRDA:196,12,0,20
BRDA:196,12,1,30
BRDA:200,13,0,10
BRDA:200,13,1,10
BRDA:200,13,2,9
BRDA:205,14,0,18
BRDA:205,14,1,2
BRDA:205,15,0,20
BRDA:205,15,1,18
BRDA:205,15,2,18
BRDA:233,16,0,11
BRDA:233,16,1,18
BRDA:237,17,0,1
BRDA:237,17,1,9
BRDA:237,18,0,10
BRDA:237,18,1,9
BRDA:238,19,0,365
BRDA:238,19,1,251
BRDA:250,20,0,0
BRDA:250,20,1,0
BRDA:271,21,0,0
BRDA:271,21,1,0
BRF:50
BRH:40
end_of_record
